-------------------------------------------------------------------------------
Test set: com.attandancemgmt.app.AttandanceManagementSystemApplicationTests
-------------------------------------------------------------------------------
Tests run: 1, Failures: 0, Errors: 1, Skipped: 0, Time elapsed: 3.442 s <<< FAILURE! - in com.attandancemgmt.app.AttandanceManagementSystemApplicationTests
initializationError(com.attandancemgmt.app.AttandanceManagementSystemApplicationTests)  Time elapsed: 0.004 s  <<< ERROR!
java.lang.IllegalStateException: Unable to find a @SpringBootConfiguration, you need to use @ContextConfiguration or @SpringBootTest(classes=...) with your test

